<?xml version="1.0" ?>
<!DOCTYPE coverage SYSTEM "http://cobertura.sourceforge.net/xml/coverage-04.dtd">
<coverage lines-valid="11"  lines-covered="11"  line-rate="1"  branches-valid="0"  branches-covered="0"  branch-rate="1"  timestamp="1444044495654" complexity="0" version="0.1">
<sources>
	<source>c:\Users\David.Garciaf\Desktop\javascript\def1</source>
</sources>
<packages>
	<package name="..app.src"  line-rate="1"  branch-rate="1" >
	<classes>
		<class name="suma.js"  filename="app\src\suma.js"  line-rate="1"  branch-rate="1" >
		<methods>
			<method name="(anonymous_1)"  hits="6"  signature="()V" >
				<lines><line number="2"  hits="6" /></lines>
			</method>
			<method name="(anonymous_2)"  hits="1"  signature="()V" >
				<lines><line number="6"  hits="1" /></lines>
			</method>
			<method name="(anonymous_3)"  hits="1"  signature="()V" >
				<lines><line number="10"  hits="1" /></lines>
			</method>
			<method name="(anonymous_4)"  hits="0"  signature="()V" >
				<lines><line number="19"  hits="0" /></lines>
			</method>
		</methods>
		<lines>
			<line number="2"  hits="1"  branch="false" />
			<line number="3"  hits="6"  branch="false" />
			<line number="6"  hits="1"  branch="false" />
			<line number="7"  hits="1"  branch="false" />
			<line number="10"  hits="1"  branch="false" />
			<line number="11"  hits="1"  branch="false" />
			<line number="12"  hits="1"  branch="false" />
			<line number="13"  hits="2"  branch="false" />
			<line number="14"  hits="2"  branch="false" />
			<line number="16"  hits="1"  branch="false" />
			<line number="19"  hits="1"  branch="false" />
		</lines>
		</class>
	</classes>
	</package>
</packages>
</coverage>
