<?xml version="1.0"?>
<testsuite name="PhantomJS 1.9.8 (Windows 7 0.0.0)" package="" timestamp="2015-10-05T10:36:52" id="0" hostname="7561M32" tests="3" errors="0" failures="0" time="0.003">
  <properties>
    <property name="browser.fullName" value="Mozilla/5.0 (Windows NT 6.1; WOW64) AppleWebKit/534.34 (KHTML, like Gecko) PhantomJS/1.9.8 Safari/534.34"/>
  </properties>
  <testcase name="suma 2 + 3" time="0.003" classname="PhantomJS_1_9_8_(Windows_7_0_0_0).prueba"/>
  <testcase name="resta 2 - 3" time="0" classname="PhantomJS_1_9_8_(Windows_7_0_0_0).prueba"/>
  <testcase name="multiplica 2*3" time="0" classname="PhantomJS_1_9_8_(Windows_7_0_0_0).prueba"/>
  <system-out>
    <![CDATA[
]]>
  </system-out>
  <system-err/>
</testsuite>