{"c:\\Users\\David.Garciaf\\Desktop\\javascript\\def1\\app\\src\\suma.spec.js":{"path":"c:\\Users\\David.Garciaf\\Desktop\\javascript\\def1\\app\\src\\suma.spec.js","s":{"1":1,"2":0,"3":0,"4":0,"5":0,"6":0,"7":0,"8":0,"9":0},"b":{},"f":{"1":0,"2":0,"3":0,"4":0},"fnMap":{"1":{"name":"(anonymous_1)","line":1,"loc":{"start":{"line":1,"column":19},"end":{"line":1,"column":29}}},"2":{"name":"(anonymous_2)","line":6,"loc":{"start":{"line":6,"column":18},"end":{"line":6,"column":29}}},"3":{"name":"(anonymous_3)","line":10,"loc":{"start":{"line":10,"column":22},"end":{"line":10,"column":32}}},"4":{"name":"(anonymous_4)","line":14,"loc":{"start":{"line":14,"column":25},"end":{"line":14,"column":35}}}},"statementMap":{"1":{"start":{"line":1,"column":0},"end":{"line":17,"column":3}},"2":{"start":{"line":2,"column":2},"end":{"line":2,"column":12}},"3":{"start":{"line":3,"column":2},"end":{"line":3,"column":12}},"4":{"start":{"line":6,"column":1},"end":{"line":8,"column":7}},"5":{"start":{"line":7,"column":8},"end":{"line":7,"column":37}},"6":{"start":{"line":10,"column":4},"end":{"line":12,"column":7}},"7":{"start":{"line":11,"column":5},"end":{"line":11,"column":36}},"8":{"start":{"line":14,"column":4},"end":{"line":16,"column":7}},"9":{"start":{"line":15,"column":5},"end":{"line":15,"column":44}}},"branchMap":{}}}