TN:
SF:./app/suma.js
FN:2,(anonymous_1)
FN:6,(anonymous_2)
FN:10,(anonymous_3)
FN:19,(anonymous_4)
FNF:4
FNH:3
FNDA:6,(anonymous_1)
FNDA:1,(anonymous_2)
FNDA:1,(anonymous_3)
FNDA:0,(anonymous_4)
DA:2,1
DA:3,6
DA:6,1
DA:7,1
DA:10,1
DA:11,1
DA:12,1
DA:13,2
DA:14,2
DA:16,1
DA:19,1
LF:11
LH:11
BRF:0
BRH:0
end_of_record
TN:
SF:./app/suma.spec.js
FN:1,(anonymous_1)
FN:6,(anonymous_2)
FN:10,(anonymous_3)
FN:14,(anonymous_4)
FNF:4
FNH:4
FNDA:1,(anonymous_1)
FNDA:1,(anonymous_2)
FNDA:1,(anonymous_3)
FNDA:1,(anonymous_4)
DA:1,1
DA:2,1
DA:3,1
DA:6,1
DA:7,1
DA:10,1
DA:11,1
DA:14,1
DA:15,1
LF:9
LH:9
BRF:0
BRH:0
end_of_record
